<?xml version="1.0" encoding="UTF-8"?>
<!-- Generated by org.testng.reporters.JUnitXMLReporter -->
<testsuite ignored="0" hostname="DESKTOP-21O69H1" failures="0" tests="2" name="Default test" time="35.538" errors="0" timestamp="2025-07-13T04:34:18 IST">
  <testcase classname="practiceOfSeleniumFunctions.FormPracticeDataProvider" name="formFill" time="2.146"/>
  <testcase classname="practiceOfSeleniumFunctions.FormPracticeDataProvider" name="formFill" time="2.255"/>
</testsuite> <!-- Default test -->
