<?xml version="1.0" encoding="UTF-8"?>
<testng-results ignored="0" total="2" passed="2" failed="0" skipped="0">
  <reporter-output>
  </reporter-output>
  <suite started-at="2025-07-13T04:33:42 IST" name="Default suite" finished-at="2025-07-13T04:34:17 IST" duration-ms="35538">
    <groups>
    </groups>
    <test started-at="2025-07-13T04:33:42 IST" name="Default test" finished-at="2025-07-13T04:34:17 IST" duration-ms="35538">
      <class name="practiceOfSeleniumFunctions.FormPracticeDataProvider">
        <test-method is-config="true" signature="startUp()[pri:0, instance:practiceOfSeleniumFunctions.FormPracticeDataProvider@17a7f733]" started-at="2025-07-13T04:33:42 IST" name="startUp" finished-at="2025-07-13T04:33:57 IST" duration-ms="15364" status="PASS">
          <reporter-output>
          </reporter-output>
        </test-method> <!-- startUp -->
        <test-method is-config="true" signature="MainMenu()[pri:0, instance:practiceOfSeleniumFunctions.FormPracticeDataProvider@17a7f733]" started-at="2025-07-13T04:33:57 IST" name="MainMenu" finished-at="2025-07-13T04:34:01 IST" duration-ms="3687" status="PASS">
          <reporter-output>
          </reporter-output>
        </test-method> <!-- MainMenu -->
        <test-method signature="formFill(java.lang.String,java.lang.String,java.lang.String,java.lang.String,java.lang.String)[pri:0, instance:practiceOfSeleniumFunctions.FormPracticeDataProvider@17a7f733]" started-at="2025-07-13T04:34:01 IST" name="formFill" data-provider="FormData" finished-at="2025-07-13T04:34:03 IST" duration-ms="2146" status="PASS">
          <params>
            <param index="0">
              <value>
                <![CDATA[KDDon1]]>
              </value>
            </param>
            <param index="1">
              <value>
                <![CDATA[Donn]]>
              </value>
            </param>
            <param index="2">
              <value>
                <![CDATA[KDDon@gamil.com]]>
              </value>
            </param>
            <param index="3">
              <value>
                <![CDATA[9000000098]]>
              </value>
            </param>
            <param index="4">
              <value>
                <![CDATA[India me rahte hai hum]]>
              </value>
            </param>
          </params>
          <reporter-output>
          </reporter-output>
        </test-method> <!-- formFill -->
        <test-method is-config="true" signature="MainMenu()[pri:0, instance:practiceOfSeleniumFunctions.FormPracticeDataProvider@17a7f733]" started-at="2025-07-13T04:34:03 IST" name="MainMenu" finished-at="2025-07-13T04:34:13 IST" duration-ms="9899" status="PASS">
          <reporter-output>
          </reporter-output>
        </test-method> <!-- MainMenu -->
        <test-method signature="formFill(java.lang.String,java.lang.String,java.lang.String,java.lang.String,java.lang.String)[pri:0, instance:practiceOfSeleniumFunctions.FormPracticeDataProvider@17a7f733]" started-at="2025-07-13T04:34:13 IST" name="formFill" data-provider="FormData" finished-at="2025-07-13T04:34:15 IST" duration-ms="2255" status="PASS">
          <params>
            <param index="0">
              <value>
                <![CDATA[KDDon2]]>
              </value>
            </param>
            <param index="1">
              <value>
                <![CDATA[Donn]]>
              </value>
            </param>
            <param index="2">
              <value>
                <![CDATA[KDDon@gamil.com]]>
              </value>
            </param>
            <param index="3">
              <value>
                <![CDATA[9000000098]]>
              </value>
            </param>
            <param index="4">
              <value>
                <![CDATA[India me rahte hai hum]]>
              </value>
            </param>
          </params>
          <reporter-output>
          </reporter-output>
        </test-method> <!-- formFill -->
        <test-method is-config="true" signature="taeDown()[pri:0, instance:practiceOfSeleniumFunctions.FormPracticeDataProvider@17a7f733]" started-at="2025-07-13T04:34:15 IST" name="taeDown" finished-at="2025-07-13T04:34:17 IST" duration-ms="2041" status="PASS">
          <reporter-output>
          </reporter-output>
        </test-method> <!-- taeDown -->
      </class> <!-- practiceOfSeleniumFunctions.FormPracticeDataProvider -->
    </test> <!-- Default test -->
  </suite> <!-- Default suite -->
</testng-results>
