<?xml version="1.0" encoding="UTF-8"?>
<testng-results ignored="0" total="1" passed="1" failed="0" skipped="0">
  <reporter-output>
  </reporter-output>
  <suite started-at="2025-05-25T07:42:34 IST" name="Default suite" finished-at="2025-05-25T07:44:39 IST" duration-ms="124987">
    <groups>
    </groups>
    <test started-at="2025-05-25T07:42:34 IST" name="Default test" finished-at="2025-05-25T07:44:39 IST" duration-ms="124987">
      <class name="practiceOfSeleniumFunctions.ActionClassPractice">
        <test-method signature="actionPractice()[pri:0, instance:practiceOfSeleniumFunctions.ActionClassPractice@2de23121]" started-at="2025-05-25T07:42:34 IST" name="actionPractice" finished-at="2025-05-25T07:44:39 IST" duration-ms="124750" status="PASS">
          <reporter-output>
          </reporter-output>
        </test-method> <!-- actionPractice -->
      </class> <!-- practiceOfSeleniumFunctions.ActionClassPractice -->
    </test> <!-- Default test -->
  </suite> <!-- Default suite -->
</testng-results>
