<?xml version="1.0" encoding="UTF-8"?>
<!-- Generated by org.testng.reporters.JUnitReportReporter -->
<testsuite hostname="DESKTOP-21O69H1" failures="0" tests="2" name="practiceOfSeleniumFunctions.FormPracticeDataProvider" time="17.987" errors="0" timestamp="2025-07-13T04:34:18 IST" skipped="0">
  <testcase classname="practiceOfSeleniumFunctions.FormPracticeDataProvider" name="formFill" time="5.942"/>
  <testcase classname="practiceOfSeleniumFunctions.FormPracticeDataProvider" name="formFill" time="12.045"/>
</testsuite> <!-- practiceOfSeleniumFunctions.FormPracticeDataProvider -->
