<?xml version="1.0" encoding="UTF-8"?>
<!-- Generated by org.testng.reporters.JUnitReportReporter -->
<testsuite hostname="DESKTOP-21O69H1" failures="0" tests="2" name="practiceOfSeleniumFunctions.ActionClassPractice" time="27.967" errors="0" timestamp="2025-05-26T04:35:38 IST" skipped="0">
  <testcase classname="practiceOfSeleniumFunctions.ActionClassPractice" name="simpleDragAndDrop" time="18.863"/>
  <testcase classname="practiceOfSeleniumFunctions.ActionClassPractice" name="acceptDragAndDrop" time="9.104"/>
</testsuite> <!-- practiceOfSeleniumFunctions.ActionClassPractice -->
